\BOOKMARK [0][]{chapter.1}{1 三相异步电动机的运行原理（9）}{}% 1
\BOOKMARK [1][]{section.1.1}{1.1 转子不动}{chapter.1}% 2
\BOOKMARK [2][]{subsection.1.1.1}{1.1.1 转子绕组开路}{section.1.1}% 3
\BOOKMARK [2][]{subsection.1.1.2}{1.1.2 转子绕组堵转}{section.1.1}% 4
\BOOKMARK [1][]{section.1.2}{1.2 转子旋转}{chapter.1}% 5
\BOOKMARK [0][]{chapter.2}{2 三相异步电动机的功率、转矩与性能（10）}{}% 6
\BOOKMARK [1][]{section.2.1}{2.1 功率与转矩平衡}{chapter.2}% 7
\BOOKMARK [2][]{subsection.2.1.1}{2.1.1 功率平衡}{section.2.1}% 8
\BOOKMARK [2][]{subsection.2.1.2}{2.1.2 转矩平衡}{section.2.1}% 9
\BOOKMARK [1][]{section.2.2}{2.2 电磁转矩及机械特性}{chapter.2}% 10
\BOOKMARK [2][]{subsection.2.2.1}{2.2.1 电磁转矩}{section.2.2}% 11
\BOOKMARK [2][]{subsection.2.2.2}{2.2.2 机械特性——T=f\(s\)曲线}{section.2.2}% 12
\BOOKMARK [2][]{subsection.2.2.3}{2.2.3 稳定运行条件}{section.2.2}% 13
\BOOKMARK [2][]{subsection.2.2.4}{2.2.4 工作特性}{section.2.2}% 14
\BOOKMARK [2][]{subsection.2.2.5}{2.2.5 参数测定}{section.2.2}% 15
\BOOKMARK [0][]{chapter.3}{3 三相异步电动机的起动、调速和制动\(11\)}{}% 16
\BOOKMARK [1][]{section.3.1}{3.1 起动}{chapter.3}% 17
\BOOKMARK [2][]{subsection.3.1.1}{3.1.1 三相笼型异步电动机的起动}{section.3.1}% 18
\BOOKMARK [2][]{subsection.3.1.2}{3.1.2 三相绕线式异步电动机的起动}{section.3.1}% 19
\BOOKMARK [2][]{subsection.3.1.3}{3.1.3 三相异步电动机的软起动}{section.3.1}% 20
\BOOKMARK [1][]{section.3.2}{3.2 调速}{chapter.3}% 21
\BOOKMARK [1][]{section.3.3}{3.3 制动}{chapter.3}% 22
\BOOKMARK [0][]{chapter.4}{4 三相异步电动机的异常运行\(12\)}{}% 23
\BOOKMARK [1][]{section.4.1}{4.1 非额定电压下的运行}{chapter.4}% 24
\BOOKMARK [1][]{section.4.2}{4.2 非额定频率下的运行}{chapter.4}% 25
\BOOKMARK [1][]{section.4.3}{4.3 不对称电源电压下的运行}{chapter.4}% 26
\BOOKMARK [1][]{section.4.4}{4.4 电源缺相时的运行}{chapter.4}% 27
\BOOKMARK [0][]{chapter.5}{5 三相同步发电机的基本工作原理与结构（14）}{}% 28
\BOOKMARK [1][]{section.5.1}{5.1 同步发电机的基本工作原理及分类}{chapter.5}% 29
\BOOKMARK [1][]{section.5.2}{5.2 同步发电机的基本结构}{chapter.5}% 30
\BOOKMARK [2][]{subsection.5.2.1}{5.2.1 汽轮发电机}{section.5.2}% 31
\BOOKMARK [2][]{subsection.5.2.2}{5.2.2 水轮发电机}{section.5.2}% 32
\BOOKMARK [1][]{section.5.3}{5.3 大型同步发电机的基本系统}{chapter.5}% 33
\BOOKMARK [2][]{subsection.5.3.1}{5.3.1 同步发电机的绝缘与冷却}{section.5.3}% 34
\BOOKMARK [2][]{subsection.5.3.2}{5.3.2 同步发电机的励磁}{section.5.3}% 35
\BOOKMARK [1][]{section.5.4}{5.4 同步电机的型号与额定值}{chapter.5}% 36
\BOOKMARK [0][]{chapter.6}{6 三相同步发电机的运行原理（15）}{}% 37
\BOOKMARK [1][]{section.6.1}{6.1 同步发电机的空载运行}{chapter.6}% 38
\BOOKMARK [2][]{subsection.6.1.1}{6.1.1 空载运行时的电磁过程}{section.6.1}% 39
\BOOKMARK [2][]{subsection.6.1.2}{6.1.2 空载特性}{section.6.1}% 40
\BOOKMARK [2][]{subsection.6.1.3}{6.1.3 同步发电机带对称负载}{section.6.1}% 41
\BOOKMARK [2][]{subsection.6.1.4}{6.1.4 隐极同步发电机的负载运行}{section.6.1}% 42
\BOOKMARK [2][]{subsection.6.1.5}{6.1.5 凸极同步发电机的负载运行}{section.6.1}% 43
\BOOKMARK [0][]{chapter.7}{7 同步发电机的稳态运行特性及参数的测定（16）}{}% 44
\BOOKMARK [1][]{section.7.1}{7.1 空载特性、短路特性、不饱和同步电抗和短路比的求取}{chapter.7}% 45
\BOOKMARK [2][]{subsection.7.1.1}{7.1.1 空载特性——U=f\(If\)}{section.7.1}% 46
\BOOKMARK [2][]{subsection.7.1.2}{7.1.2 短路特性——短路电流Ik=f\(If\)}{section.7.1}% 47
\BOOKMARK [1][]{section.7.2}{7.2 零功率因数负载特性及漏电抗的求取}{chapter.7}% 48
\BOOKMARK [2][]{subsection.7.2.1}{7.2.1 零功率因数负载特性——U=If}{section.7.2}% 49
\BOOKMARK [1][]{section.7.3}{7.3 稳态参数的实验测定——转差法测定凸极同步发电机的xd和xq不饱和值}{chapter.7}% 50
\BOOKMARK [1][]{section.7.4}{7.4 同步发电机的运行特性}{chapter.7}% 51
\BOOKMARK [2][]{subsection.7.4.1}{7.4.1 外特性——U=f\(I\)}{section.7.4}% 52
\BOOKMARK [2][]{subsection.7.4.2}{7.4.2 调整特性\(与外特性相反\)——If=f\(I\)}{section.7.4}% 53
\BOOKMARK [2][]{subsection.7.4.3}{7.4.3 效率特性——=f\(P2\)}{section.7.4}% 54
\BOOKMARK [1][]{section.7.5}{7.5 同步发电机电压调整率及额定励磁电流的求取}{chapter.7}% 55
\BOOKMARK [0][]{chapter.8}{8 同步发电机并联运行\(17\)}{}% 56
\BOOKMARK [1][]{section.8.1}{8.1 投入并联运行的条件和方法}{chapter.8}% 57
\BOOKMARK [2][]{subsection.8.1.1}{8.1.1 投入并联运行的条件——电压相同\(五要素\)}{section.8.1}% 58
\BOOKMARK [2][]{subsection.8.1.2}{8.1.2 同步发电机投入并联的方法}{section.8.1}% 59
\BOOKMARK [1][]{section.8.2}{8.2 并网运行的同步发电机的电磁功率与功角特性}{chapter.8}% 60
\BOOKMARK [2][]{subsection.8.2.1}{8.2.1 同步发电机的功率与转矩平衡}{section.8.2}% 61
\BOOKMARK [2][]{subsection.8.2.2}{8.2.2 隐极发电机的功率特性\(有功特性\)与转矩特性}{section.8.2}% 62
\BOOKMARK [2][]{subsection.8.2.3}{8.2.3 凸极发电机的功率特性\(有功特性\)}{section.8.2}% 63
\BOOKMARK [2][]{subsection.8.2.4}{8.2.4 无功功率与功角关系}{section.8.2}% 64
\BOOKMARK [1][]{section.8.3}{8.3 并网运行时有功功率的调节与静态稳定}{chapter.8}% 65
\BOOKMARK [2][]{subsection.8.3.1}{8.3.1 有功功率的调节}{section.8.3}% 66
\BOOKMARK [2][]{subsection.8.3.2}{8.3.2 静态稳定}{section.8.3}% 67
\BOOKMARK [1][]{section.8.4}{8.4 并网运行时无功功率的调节与V形曲线}{chapter.8}% 68
\BOOKMARK [2][]{subsection.8.4.1}{8.4.1 无功功率的调节}{section.8.4}% 69
\BOOKMARK [2][]{subsection.8.4.2}{8.4.2 V形曲线}{section.8.4}% 70
\BOOKMARK [1][]{section.8.5}{8.5 *同步发电机的振荡}{chapter.8}% 71
\BOOKMARK [0][]{chapter.9}{9 同步发电机的异常运行\(18\)}{}% 72
\BOOKMARK [1][]{section.9.1}{9.1 同步发电机的不对称运行}{chapter.9}% 73
\BOOKMARK [2][]{subsection.9.1.1}{9.1.1 相序阻抗和等效电路}{section.9.1}% 74
\BOOKMARK [2][]{subsection.9.1.2}{9.1.2 同步发电机不对称运行分析实例}{section.9.1}% 75
\BOOKMARK [2][]{subsection.9.1.3}{9.1.3 不对称运行对发电机的危害}{section.9.1}% 76
\BOOKMARK [1][]{section.9.2}{9.2 同步发电机突然短路时的暂态电抗}{chapter.9}% 77
\BOOKMARK [0][]{chapter.10}{10 同步电动机\(19\)}{}% 78
\BOOKMARK [0][]{chapter.11}{11 直流电机的基本工作原理与结构\(20\)}{}% 79
\BOOKMARK [1][]{section.11.1}{11.1 直流电机的基本工作原理}{chapter.11}% 80
\BOOKMARK [1][]{section.11.2}{11.2 直流电机的基本结构}{chapter.11}% 81
\BOOKMARK [1][]{section.11.3}{11.3 直流电机的额定值与型号}{chapter.11}% 82
\BOOKMARK [0][]{chapter.12}{12 直流电机的运行原理\(21\)}{}% 83
\BOOKMARK [1][]{section.12.1}{12.1 直流电动机空载运行磁场}{chapter.12}% 84
\BOOKMARK [1][]{section.12.2}{12.2 直流电机负载运行电枢磁场}{chapter.12}% 85
\BOOKMARK [1][]{section.12.3}{12.3 直流电机的电枢反应}{chapter.12}% 86
\BOOKMARK [1][]{section.12.4}{12.4 电枢绕组的感应电势}{chapter.12}% 87
\BOOKMARK [1][]{section.12.5}{12.5 直流电机的电磁转矩}{chapter.12}% 88
\BOOKMARK [1][]{section.12.6}{12.6 直流发电机的基本方程式}{chapter.12}% 89
\BOOKMARK [1][]{section.12.7}{12.7 直流电动机的基本方程式}{chapter.12}% 90
\BOOKMARK [0][]{chapter.13}{13 直流发电机\(22\)}{}% 91
\BOOKMARK [1][]{section.13.1}{13.1 他励直流发电机的运行特性}{chapter.13}% 92
\BOOKMARK [2][]{subsection.13.1.1}{13.1.1 空载特性U=f\(If\)\(n=nN, I=0}{section.13.1}% 93
\BOOKMARK [2][]{subsection.13.1.2}{13.1.2 外特性U=f\(I\)\(n=nN,IfN=const\)}{section.13.1}% 94
\BOOKMARK [2][]{subsection.13.1.3}{13.1.3 调整特性If=f\(I\)\(n=UN, U=IN\) }{section.13.1}% 95
\BOOKMARK [1][]{section.13.2}{13.2 并励直流发电机的运行特性}{chapter.13}% 96
\BOOKMARK [2][]{subsection.13.2.1}{13.2.1 建压过程与建压条件}{section.13.2}% 97
\BOOKMARK [2][]{subsection.13.2.2}{13.2.2 并励直流发电机的空载特性}{section.13.2}% 98
\BOOKMARK [2][]{subsection.13.2.3}{13.2.3 并励直流发电机的外特性}{section.13.2}% 99
\BOOKMARK [1][]{section.13.3}{13.3 复励直流发电机的运行特性}{chapter.13}% 100
\BOOKMARK [0][]{chapter.14}{14 直流电动机\(23\)}{}% 101
\BOOKMARK [1][]{section.14.1}{14.1 直流电动机的运行原理}{chapter.14}% 102
\BOOKMARK [2][]{subsection.14.1.1}{14.1.1 直流电机的可逆原理}{section.14.1}% 103
\BOOKMARK [2][]{subsection.14.1.2}{14.1.2 电动机运行的基本方程}{section.14.1}% 104
\BOOKMARK [1][]{section.14.2}{14.2 直流电动机的工作特性}{chapter.14}% 105
